[2012-04-22 22:24:58] security.DEBUG: Read SecurityContext from the session [] []
[2012-04-22 22:24:58] security.DEBUG: Reloading user from user provider. [] []
[2012-04-22 22:24:58] security.DEBUG: Username "roma" was reloaded from user provider. [] []
[2012-04-22 22:24:58] request.ERROR: Symfony\Component\HttpKernel\Exception\NotFoundHttpException: No route found for "GET /uploads/prew_project/photo_547844656.jpg" (uncaught exception) at /Users/roma/Sites/designlab.symfony/www/vendor/symfony/src/Symfony/Bundle/FrameworkBundle/EventListener/RouterListener.php line 83 [] []
[2012-04-22 22:24:58] security.DEBUG: Write SecurityContext in the session [] []
[2012-04-22 22:24:59] security.DEBUG: Read SecurityContext from the session [] []
[2012-04-22 22:24:59] security.DEBUG: Reloading user from user provider. [] []
[2012-04-22 22:24:59] security.DEBUG: Username "roma" was reloaded from user provider. [] []
[2012-04-22 22:24:59] request.ERROR: Symfony\Component\HttpKernel\Exception\NotFoundHttpException: No route found for "GET /uploads/prew_project/photo_636793908.jpg" (uncaught exception) at /Users/roma/Sites/designlab.symfony/www/vendor/symfony/src/Symfony/Bundle/FrameworkBundle/EventListener/RouterListener.php line 83 [] []
[2012-04-22 22:24:59] security.DEBUG: Write SecurityContext in the session [] []
[2012-04-22 22:24:59] security.DEBUG: Read SecurityContext from the session [] []
[2012-04-22 22:24:59] security.DEBUG: Reloading user from user provider. [] []
[2012-04-22 22:24:59] security.DEBUG: Username "roma" was reloaded from user provider. [] []
[2012-04-22 22:24:59] request.ERROR: Symfony\Component\HttpKernel\Exception\NotFoundHttpException: No route found for "GET /uploads/prew_project/photo_240184272.jpg" (uncaught exception) at /Users/roma/Sites/designlab.symfony/www/vendor/symfony/src/Symfony/Bundle/FrameworkBundle/EventListener/RouterListener.php line 83 [] []
[2012-04-22 22:24:59] security.DEBUG: Write SecurityContext in the session [] []
[2012-04-22 22:24:59] security.DEBUG: Read SecurityContext from the session [] []
[2012-04-22 22:24:59] security.DEBUG: Reloading user from user provider. [] []
[2012-04-22 22:24:59] security.DEBUG: Username "roma" was reloaded from user provider. [] []
[2012-04-22 22:24:59] request.ERROR: Symfony\Component\HttpKernel\Exception\NotFoundHttpException: No route found for "GET /uploads/prew_project/photo_213031857.jpg" (uncaught exception) at /Users/roma/Sites/designlab.symfony/www/vendor/symfony/src/Symfony/Bundle/FrameworkBundle/EventListener/RouterListener.php line 83 [] []
[2012-04-22 22:24:59] security.DEBUG: Write SecurityContext in the session [] []
[2012-04-22 22:24:59] security.DEBUG: Read SecurityContext from the session [] []
[2012-04-22 22:24:59] security.DEBUG: Reloading user from user provider. [] []
[2012-04-22 22:24:59] security.DEBUG: Username "roma" was reloaded from user provider. [] []
[2012-04-22 22:24:59] request.ERROR: Symfony\Component\HttpKernel\Exception\NotFoundHttpException: No route found for "GET /uploads/prew_project/photo_536810161.jpg" (uncaught exception) at /Users/roma/Sites/designlab.symfony/www/vendor/symfony/src/Symfony/Bundle/FrameworkBundle/EventListener/RouterListener.php line 83 [] []
[2012-04-22 22:24:59] security.DEBUG: Write SecurityContext in the session [] []
[2012-04-22 22:24:59] security.DEBUG: Read SecurityContext from the session [] []
[2012-04-22 22:24:59] security.DEBUG: Reloading user from user provider. [] []
[2012-04-22 22:24:59] security.DEBUG: Username "roma" was reloaded from user provider. [] []
[2012-04-22 22:24:59] request.ERROR: Symfony\Component\HttpKernel\Exception\NotFoundHttpException: No route found for "GET /uploads/prew_project/photo_492118556.jpg" (uncaught exception) at /Users/roma/Sites/designlab.symfony/www/vendor/symfony/src/Symfony/Bundle/FrameworkBundle/EventListener/RouterListener.php line 83 [] []
[2012-04-22 22:24:59] security.DEBUG: Write SecurityContext in the session [] []
[2012-04-25 01:32:40] security.DEBUG: Read SecurityContext from the session [] []
[2012-04-25 01:32:40] security.DEBUG: Reloading user from user provider. [] []
[2012-04-25 01:32:40] security.DEBUG: Username "roma" was reloaded from user provider. [] []
[2012-04-25 01:32:40] request.ERROR: Symfony\Component\HttpKernel\Exception\NotFoundHttpException: No route found for "GET /uploads/photos/thumb/photo_626801513.jpg" (uncaught exception) at /Users/roma/Sites/designlab.symfony/www/vendor/symfony/src/Symfony/Bundle/FrameworkBundle/EventListener/RouterListener.php line 83 [] []
[2012-04-25 01:32:41] security.DEBUG: Write SecurityContext in the session [] []
[2012-04-25 01:32:41] security.DEBUG: Read SecurityContext from the session [] []
[2012-04-25 01:32:41] security.DEBUG: Reloading user from user provider. [] []
[2012-04-25 01:32:41] security.DEBUG: Username "roma" was reloaded from user provider. [] []
[2012-04-25 01:32:41] request.ERROR: Symfony\Component\HttpKernel\Exception\NotFoundHttpException: No route found for "GET /uploads/photos/thumb/photo_418504951.jpg" (uncaught exception) at /Users/roma/Sites/designlab.symfony/www/vendor/symfony/src/Symfony/Bundle/FrameworkBundle/EventListener/RouterListener.php line 83 [] []
[2012-04-25 01:32:41] security.DEBUG: Write SecurityContext in the session [] []
